--- ZÁZNAM O VÝPOČTU [2026-04-21 15:04:58] ---
Srážkový úhrn: 50.0 mm
Výstupní soubor: zajmova_oblast_50mm
Nové území (střed): 49.7097253, 18.0833653 (Poloměr: 5.0 km)
----------------------------------------

--- ZÁZNAM O VÝPOČTU [2026-04-21 15:05:56] ---
Srážkový úhrn: 120.0 mm
Výstupní soubor: zajmova_oblast_120mm
Nové území (střed): 49.7097253, 18.0833653 (Poloměr: 5.0 km)
----------------------------------------

--- ZÁZNAM O VÝPOČTU [2026-04-21 15:06:31] ---
Srážkový úhrn: 200.0 mm
Výstupní soubor: zajmova_oblast_200mm
Nové území (střed): 49.7097253, 18.0833653 (Poloměr: 5.0 km)
----------------------------------------

--- ZÁZNAM O VÝPOČTU [2026-04-29 00:03:58] ---
Srážkový úhrn: 50.0 mm
Výstupní soubor: retence_vysledek
Použita původní/manuální maska území.
----------------------------------------

